[35m[Appium][39m Welcome to Appium v2.5.3
[35m[Appium][39m Non-default server args:
[35m[Appium][39m { basePath: [32m'/wd/hub'[39m, loglevel: [32m'info'[39m, port: [33m53629[39m }
[35m[Appium][39m Attempting to load driver uiautomator2...
[Appium] Appium REST http interface listener started on http://0.0.0.0:53629/wd/hub
[Appium] You can provide the following URLs in your client code to connect to this server:
[Appium] 	http://127.0.0.1:53629/wd/hub (only accessible from the same host)
[Appium] 	http://192.168.100.7:53629/wd/hub
[Appium] Available drivers:
[Appium]   - uiautomator2@3.0.2 (automationName 'UiAutomator2')
[Appium] No plugins have been installed. Use the "appium plugin" command to install the one(s) you want to use.
[38;5;0m[HTTP][0m [37m-->[39m [37mGET[39m [37m/wd/hub/status[39m
[38;5;0m[HTTP][0m {}
[38;5;0m[HTTP][0m <-- GET /wd/hub/status 200 7 ms - 110
[38;5;0m[HTTP][0m 
[38;5;0m[HTTP][0m [37m-->[39m [37mPOST[39m [37m/wd/hub/session[39m
[38;5;0m[HTTP][0m {"desiredCapabilities":{"appium:systemPort":53628,"appium:newCommandTimeout":1800,"appium:automationName":"uiautomator2","appium:fullReset":true,"appium:platformVersion":"14","appium:noReset":false,"appium:udid":"emulator-5554","appium:autoGrantPermissions":true,"appium:platformName":"ANDROID","appium:deviceName":"emulator-5554 (sdk_gphone64_arm64 - Android 14)","platformName":"Android","appium:app":"/Users/lasmasilalahi/Katalon Studio/Project mobile/Mobile Apps/Calculator_8.6.apk"},"capabilities":{"firstMatch":[{"appium:app":"/Users/lasmasilalahi/Katalon Studio/Project mobile/Mobile Apps/Calculator_8.6.apk","appium:autoGrantPermissions":true,"appium:automationName":"uiautomator2","appium:deviceName":"emulator-5554 (sdk_gphone64_arm64 - Android 14)","appium:fullReset":true,"appium:newCommandTimeout":1800,"appium:noReset":false,"appium:platformName":"ANDROID","appium:platformVersion":"14","appium:systemPort":53628,"appium:udid":"emulator-5554","platformName":"android"}]}}
[38;5;32m[BaseDriver][0m Ignoring capability 'appium:platformName=ANDROID' and using capability 'platformName=android'
[38;5;32m[BaseDriver][0m The capabilities ["platformName"] are standard capabilities and do not require "appium:" prefix
[Appium] Attempting to find matching driver for automationName 'uiautomator2' and platformName 'android'
[Appium] The 'uiautomator2' driver was installed and matched caps.
[Appium] Will require it at /Users/lasmasilalahi/.appium/node_modules/appium-uiautomator2-driver
[38;5;16m[AppiumDriver@d339][0m Appium v2.5.3 creating new AndroidUiautomator2Driver (v3.0.2) session
[38;5;16m[AppiumDriver@d339][0m Checking BaseDriver versions for Appium and AndroidUiautomator2Driver
[38;5;16m[AppiumDriver@d339][0m Appium's BaseDriver version is 9.5.4
[38;5;16m[AppiumDriver@d339][0m AndroidUiautomator2Driver's BaseDriver version is 9.5.4
[38;5;48m[AndroidUiautomator2Driver@ed34 (b358a84e)][0m Session created with session id: b358a84e-5412-4ebe-9579-d9422d9c52c6
[38;5;64m[ADB][0m Found 1 'build-tools' folders under '/Users/lasmasilalahi/.katalon/tools/android_sdk' (newest first):
[38;5;64m[ADB][0m     /Users/lasmasilalahi/.katalon/tools/android_sdk/build-tools/29.0.3
[38;5;64m[ADB][0m Using 'adb' from '/Users/lasmasilalahi/.katalon/tools/android_sdk/platform-tools/adb'
[38;5;48m[AndroidUiautomator2Driver@ed34 (b358a84e)][0m Retrieving device list
[38;5;48m[AndroidUiautomator2Driver@ed34 (b358a84e)][0m Using device: emulator-5554
[38;5;64m[ADB][0m Using 'adb' from '/Users/lasmasilalahi/.katalon/tools/android_sdk/platform-tools/adb'
[38;5;32m[BaseDriver][0m Using local app '/Users/lasmasilalahi/Katalon Studio/Project mobile/Mobile Apps/Calculator_8.6.apk'
[38;5;64m[ADB][0m Getting device platform version
[38;5;48m[AndroidUiautomator2Driver@ed34 (b358a84e)][0m Relaxing hidden api policy
[38;5;64m[ADB][0m Package name: 'com.google.android.calculator'
[38;5;64m[ADB][0m Main activity name: 'com.android.calculator2.Calculator'
[38;5;64m[ADB][0m Using 'apksigner.jar' from '/Users/lasmasilalahi/.katalon/tools/android_sdk/build-tools/29.0.3/lib/apksigner.jar'
[38;5;64m[ADB][0m '/Users/lasmasilalahi/.appium/node_modules/appium-uiautomator2-driver/node_modules/appium-uiautomator2-server/apks/appium-uiautomator2-server-debug-androidTest.apk' is signed with the default certificate
[38;5;64m[ADB][0m '/Users/lasmasilalahi/Katalon Studio/Project mobile/Mobile Apps/Calculator_8.6.apk' is signed with the default certificate
[38;5;64m[ADB][0m com.google.android.calculator was not uninstalled, because it was not present on the device
[38;5;64m[ADB][0m The application at '/Users/lasmasilalahi/Katalon Studio/Project mobile/Mobile Apps/Calculator_8.6.apk' will not be cached, because the device under test has confirmed the support of streamed installs
[38;5;64m[ADB][0m '/Users/lasmasilalahi/.appium/node_modules/appium-uiautomator2-driver/node_modules/appium-uiautomator2-server/apks/appium-uiautomator2-server-v7.0.3.apk' is signed with the default certificate
[38;5;48m[AndroidUiautomator2Driver@ed34 (b358a84e)][0m Server packages are not going to be (re)installed
[38;5;64m[ADB][0m Adding packages ["io.appium.settings","io.appium.uiautomator2.server","io.appium.uiautomator2.server.test"] to Doze whitelist
[38;5;64m[ADB][0m The installation of 'Calculator_8.6.apk' took 1801ms
[38;5;48m[AndroidUiautomator2Driver@ed34 (b358a84e)][0m Starting UIAutomator2 server 7.0.3
[38;5;48m[AndroidUiautomator2Driver@ed34 (b358a84e)][0m Using UIAutomator2 server from '/Users/lasmasilalahi/.appium/node_modules/appium-uiautomator2-driver/node_modules/appium-uiautomator2-server/apks/appium-uiautomator2-server-v7.0.3.apk' and test from '/Users/lasmasilalahi/.appium/node_modules/appium-uiautomator2-driver/node_modules/appium-uiautomator2-server/apks/appium-uiautomator2-server-debug-androidTest.apk'
[38;5;48m[AndroidUiautomator2Driver@ed34 (b358a84e)][0m Waiting up to 30000ms for UiAutomator2 to be online...
[38;5;48m[AndroidUiautomator2Driver@ed34 (b358a84e)][0m socket hang up
[38;5;48m[AndroidUiautomator2Driver@ed34 (b358a84e)][0m socket hang up
[38;5;48m[AndroidUiautomator2Driver@ed34 (b358a84e)][0m socket hang up
[38;5;48m[AndroidUiautomator2Driver@ed34 (b358a84e)][0m socket hang up
[38;5;48m[AndroidUiautomator2Driver@ed34 (b358a84e)][0m socket hang up
[38;5;48m[AndroidUiautomator2Driver@ed34 (b358a84e)][0m socket hang up
[38;5;48m[AndroidUiautomator2Driver@ed34 (b358a84e)][0m Determined the downstream protocol as 'W3C'
[38;5;48m[AndroidUiautomator2Driver@ed34 (b358a84e)][0m Screen already unlocked, doing nothing
[38;5;48m[AndroidUiautomator2Driver@ed34 (b358a84e)][0m Starting 'com.google.android.calculator/com.android.calculator2.Calculator and waiting for 'com.google.android.calculator/com.android.calculator2.Calculator'
[38;5;16m[AppiumDriver@d339][0m New AndroidUiautomator2Driver session created successfully, session b358a84e-5412-4ebe-9579-d9422d9c52c6 added to master session list
[38;5;0m[HTTP][0m <-- POST /wd/hub/session 200 11649 ms - 1289
[38;5;0m[HTTP][0m 
[38;5;0m[HTTP][0m [37m-->[39m [37mGET[39m [37m/wd/hub/session/b358a84e-5412-4ebe-9579-d9422d9c52c6[39m
[38;5;0m[HTTP][0m {}
[38;5;0m[HTTP][0m <-- GET /wd/hub/session/b358a84e-5412-4ebe-9579-d9422d9c52c6 200 16 ms - 394
[38;5;0m[HTTP][0m 
[38;5;0m[HTTP][0m [37m-->[39m [37mGET[39m [37m/wd/hub/session/b358a84e-5412-4ebe-9579-d9422d9c52c6[39m
[38;5;0m[HTTP][0m {}
[38;5;0m[HTTP][0m <-- GET /wd/hub/session/b358a84e-5412-4ebe-9579-d9422d9c52c6 200 9 ms - 394
[38;5;0m[HTTP][0m 
[38;5;0m[HTTP][0m [37m-->[39m [37mGET[39m [37m/wd/hub/status[39m
[38;5;0m[HTTP][0m {}
[38;5;0m[HTTP][0m <-- GET /wd/hub/status 200 0 ms - 110
[38;5;0m[HTTP][0m 
[38;5;0m[HTTP][0m [37m-->[39m [37mPOST[39m [37m/wd/hub/session/b358a84e-5412-4ebe-9579-d9422d9c52c6/timeouts[39m
[38;5;0m[HTTP][0m {"implicit":30000}
[38;5;0m[HTTP][0m <-- POST /wd/hub/session/b358a84e-5412-4ebe-9579-d9422d9c52c6/timeouts 200 1 ms - 14
[38;5;0m[HTTP][0m 
[38;5;0m[HTTP][0m [37m-->[39m [37mGET[39m [37m/wd/hub/session/b358a84e-5412-4ebe-9579-d9422d9c52c6/appium/device/system_bars[39m
[38;5;0m[HTTP][0m {}
[38;5;0m[HTTP][0m <-- GET /wd/hub/session/b358a84e-5412-4ebe-9579-d9422d9c52c6/appium/device/system_bars 200 108 ms - 152
[38;5;0m[HTTP][0m 
[38;5;0m[HTTP][0m [37m-->[39m [37mPOST[39m [37m/wd/hub/session/b358a84e-5412-4ebe-9579-d9422d9c52c6/timeouts[39m
[38;5;0m[HTTP][0m {"implicit":50}
[38;5;0m[HTTP][0m <-- POST /wd/hub/session/b358a84e-5412-4ebe-9579-d9422d9c52c6/timeouts 200 5 ms - 14
[38;5;0m[HTTP][0m 
[38;5;0m[HTTP][0m [37m-->[39m [37mGET[39m [37m/wd/hub/session/b358a84e-5412-4ebe-9579-d9422d9c52c6/window/rect[39m
[38;5;0m[HTTP][0m {}
[38;5;0m[HTTP][0m <-- GET /wd/hub/session/b358a84e-5412-4ebe-9579-d9422d9c52c6/window/rect 200 15 ms - 50
[38;5;0m[HTTP][0m 
[38;5;0m[HTTP][0m [37m-->[39m [37mPOST[39m [37m/wd/hub/session/b358a84e-5412-4ebe-9579-d9422d9c52c6/elements[39m
[38;5;0m[HTTP][0m {"using":"xpath","value":"//*[@class = 'android.widget.ImageButton' and @resource-id = 'com.google.android.calculator:id/digit_7' and (@text = '' or . = '')]"}
[38;5;0m[HTTP][0m <-- POST /wd/hub/session/b358a84e-5412-4ebe-9579-d9422d9c52c6/elements 200 423 ms - 139
[38;5;0m[HTTP][0m 
[38;5;0m[HTTP][0m [37m-->[39m [37mGET[39m [37m/wd/hub/session/b358a84e-5412-4ebe-9579-d9422d9c52c6/element/00000000-0000-0191-ffff-ffff00000059/location[39m
[38;5;0m[HTTP][0m {}
[38;5;48m[AndroidUiautomator2Driver@ed34 (b358a84e)][0m Driver proxy active, passing request on via HTTP proxy
[38;5;48m[AndroidUiautomator2Driver@ed34 (b358a84e)][0m Replacing sessionId 4d1069d9-4f83-42ab-adb5-902d561b903b with b358a84e-5412-4ebe-9579-d9422d9c52c6
[38;5;0m[HTTP][0m <-- GET /wd/hub/session/b358a84e-5412-4ebe-9579-d9422d9c52c6/element/00000000-0000-0191-ffff-ffff00000059/location 200 10 ms - 78
[38;5;0m[HTTP][0m 
[38;5;0m[HTTP][0m [37m-->[39m [37mPOST[39m [37m/wd/hub/session/b358a84e-5412-4ebe-9579-d9422d9c52c6/timeouts[39m
[38;5;0m[HTTP][0m {"implicit":30000}
[38;5;0m[HTTP][0m <-- POST /wd/hub/session/b358a84e-5412-4ebe-9579-d9422d9c52c6/timeouts 200 1 ms - 14
[38;5;0m[HTTP][0m 
[38;5;0m[HTTP][0m [37m-->[39m [37mPOST[39m [37m/wd/hub/session/b358a84e-5412-4ebe-9579-d9422d9c52c6/element/00000000-0000-0191-ffff-ffff00000059/click[39m
[38;5;0m[HTTP][0m {"id":"00000000-0000-0191-ffff-ffff00000059"}
[38;5;0m[HTTP][0m <-- POST /wd/hub/session/b358a84e-5412-4ebe-9579-d9422d9c52c6/element/00000000-0000-0191-ffff-ffff00000059/click 200 585 ms - 14
[38;5;0m[HTTP][0m 
[38;5;0m[HTTP][0m [37m-->[39m [37mPOST[39m [37m/wd/hub/session/b358a84e-5412-4ebe-9579-d9422d9c52c6/timeouts[39m
[38;5;0m[HTTP][0m {"implicit":50}
[38;5;0m[HTTP][0m <-- POST /wd/hub/session/b358a84e-5412-4ebe-9579-d9422d9c52c6/timeouts 200 1 ms - 14
[38;5;0m[HTTP][0m 
[38;5;0m[HTTP][0m [37m-->[39m [37mGET[39m [37m/wd/hub/session/b358a84e-5412-4ebe-9579-d9422d9c52c6/window/rect[39m
[38;5;0m[HTTP][0m {}
[38;5;0m[HTTP][0m <-- GET /wd/hub/session/b358a84e-5412-4ebe-9579-d9422d9c52c6/window/rect 200 10 ms - 50
[38;5;0m[HTTP][0m 
[38;5;0m[HTTP][0m [37m-->[39m [37mPOST[39m [37m/wd/hub/session/b358a84e-5412-4ebe-9579-d9422d9c52c6/elements[39m
[38;5;0m[HTTP][0m {"using":"xpath","value":"//*[@class = 'android.widget.ImageButton' and @resource-id = 'com.google.android.calculator:id/op_add' and (@text = '' or . = '')]"}
[38;5;0m[HTTP][0m <-- POST /wd/hub/session/b358a84e-5412-4ebe-9579-d9422d9c52c6/elements 200 51 ms - 139
[38;5;0m[HTTP][0m 
[38;5;0m[HTTP][0m [37m-->[39m [37mGET[39m [37m/wd/hub/session/b358a84e-5412-4ebe-9579-d9422d9c52c6/element/00000000-0000-0191-ffff-ffff00000064/location[39m
[38;5;0m[HTTP][0m {}
[38;5;48m[AndroidUiautomator2Driver@ed34 (b358a84e)][0m Driver proxy active, passing request on via HTTP proxy
[38;5;48m[AndroidUiautomator2Driver@ed34 (b358a84e)][0m Replacing sessionId 4d1069d9-4f83-42ab-adb5-902d561b903b with b358a84e-5412-4ebe-9579-d9422d9c52c6
[38;5;0m[HTTP][0m <-- GET /wd/hub/session/b358a84e-5412-4ebe-9579-d9422d9c52c6/element/00000000-0000-0191-ffff-ffff00000064/location 200 16 ms - 80
[38;5;0m[HTTP][0m 
[38;5;0m[HTTP][0m [37m-->[39m [37mPOST[39m [37m/wd/hub/session/b358a84e-5412-4ebe-9579-d9422d9c52c6/timeouts[39m
[38;5;0m[HTTP][0m {"implicit":30000}
[38;5;0m[HTTP][0m <-- POST /wd/hub/session/b358a84e-5412-4ebe-9579-d9422d9c52c6/timeouts 200 1 ms - 14
[38;5;0m[HTTP][0m 
[38;5;0m[HTTP][0m [37m-->[39m [37mPOST[39m [37m/wd/hub/session/b358a84e-5412-4ebe-9579-d9422d9c52c6/element/00000000-0000-0191-ffff-ffff00000064/click[39m
[38;5;0m[HTTP][0m {"id":"00000000-0000-0191-ffff-ffff00000064"}
[38;5;0m[HTTP][0m <-- POST /wd/hub/session/b358a84e-5412-4ebe-9579-d9422d9c52c6/element/00000000-0000-0191-ffff-ffff00000064/click 200 535 ms - 14
[38;5;0m[HTTP][0m 
[38;5;0m[HTTP][0m [37m-->[39m [37mPOST[39m [37m/wd/hub/session/b358a84e-5412-4ebe-9579-d9422d9c52c6/timeouts[39m
[38;5;0m[HTTP][0m {"implicit":50}
[38;5;0m[HTTP][0m <-- POST /wd/hub/session/b358a84e-5412-4ebe-9579-d9422d9c52c6/timeouts 200 2 ms - 14
[38;5;0m[HTTP][0m 
[38;5;0m[HTTP][0m [37m-->[39m [37mGET[39m [37m/wd/hub/session/b358a84e-5412-4ebe-9579-d9422d9c52c6/window/rect[39m
[38;5;0m[HTTP][0m {}
[38;5;0m[HTTP][0m <-- GET /wd/hub/session/b358a84e-5412-4ebe-9579-d9422d9c52c6/window/rect 200 14 ms - 50
[38;5;0m[HTTP][0m 
[38;5;0m[HTTP][0m [37m-->[39m [37mPOST[39m [37m/wd/hub/session/b358a84e-5412-4ebe-9579-d9422d9c52c6/elements[39m
[38;5;0m[HTTP][0m {"using":"xpath","value":"//*[@class = 'android.widget.ImageButton' and @resource-id = 'com.google.android.calculator:id/digit_9' and (@text = '' or . = '')]"}
[38;5;0m[HTTP][0m <-- POST /wd/hub/session/b358a84e-5412-4ebe-9579-d9422d9c52c6/elements 200 68 ms - 139
[38;5;0m[HTTP][0m 
[38;5;0m[HTTP][0m [37m-->[39m [37mGET[39m [37m/wd/hub/session/b358a84e-5412-4ebe-9579-d9422d9c52c6/element/00000000-0000-0191-ffff-ffff0000005b/location[39m
[38;5;0m[HTTP][0m {}
[38;5;48m[AndroidUiautomator2Driver@ed34 (b358a84e)][0m Driver proxy active, passing request on via HTTP proxy
[38;5;48m[AndroidUiautomator2Driver@ed34 (b358a84e)][0m Replacing sessionId 4d1069d9-4f83-42ab-adb5-902d561b903b with b358a84e-5412-4ebe-9579-d9422d9c52c6
[38;5;0m[HTTP][0m <-- GET /wd/hub/session/b358a84e-5412-4ebe-9579-d9422d9c52c6/element/00000000-0000-0191-ffff-ffff0000005b/location 200 6 ms - 79
[38;5;0m[HTTP][0m 
[38;5;0m[HTTP][0m [37m-->[39m [37mPOST[39m [37m/wd/hub/session/b358a84e-5412-4ebe-9579-d9422d9c52c6/timeouts[39m
[38;5;0m[HTTP][0m {"implicit":30000}
[38;5;0m[HTTP][0m <-- POST /wd/hub/session/b358a84e-5412-4ebe-9579-d9422d9c52c6/timeouts 200 0 ms - 14
[38;5;0m[HTTP][0m 
[38;5;0m[HTTP][0m [37m-->[39m [37mPOST[39m [37m/wd/hub/session/b358a84e-5412-4ebe-9579-d9422d9c52c6/element/00000000-0000-0191-ffff-ffff0000005b/click[39m
[38;5;0m[HTTP][0m {"id":"00000000-0000-0191-ffff-ffff0000005b"}
[38;5;0m[HTTP][0m <-- POST /wd/hub/session/b358a84e-5412-4ebe-9579-d9422d9c52c6/element/00000000-0000-0191-ffff-ffff0000005b/click 200 557 ms - 14
[38;5;0m[HTTP][0m 
[38;5;0m[HTTP][0m [37m-->[39m [37mPOST[39m [37m/wd/hub/session/b358a84e-5412-4ebe-9579-d9422d9c52c6/timeouts[39m
[38;5;0m[HTTP][0m {"implicit":50}
[38;5;0m[HTTP][0m <-- POST /wd/hub/session/b358a84e-5412-4ebe-9579-d9422d9c52c6/timeouts 200 1 ms - 14
[38;5;0m[HTTP][0m 
[38;5;0m[HTTP][0m [37m-->[39m [37mGET[39m [37m/wd/hub/session/b358a84e-5412-4ebe-9579-d9422d9c52c6/window/rect[39m
[38;5;0m[HTTP][0m {}
[38;5;0m[HTTP][0m <-- GET /wd/hub/session/b358a84e-5412-4ebe-9579-d9422d9c52c6/window/rect 200 12 ms - 50
[38;5;0m[HTTP][0m 
[38;5;0m[HTTP][0m [37m-->[39m [37mPOST[39m [37m/wd/hub/session/b358a84e-5412-4ebe-9579-d9422d9c52c6/elements[39m
[38;5;0m[HTTP][0m {"using":"xpath","value":"//*[@class = 'android.widget.ImageButton' and @resource-id = 'com.google.android.calculator:id/op_sub' and (@text = '' or . = '')]"}
[38;5;0m[HTTP][0m <-- POST /wd/hub/session/b358a84e-5412-4ebe-9579-d9422d9c52c6/elements 200 72 ms - 139
[38;5;0m[HTTP][0m 
[38;5;0m[HTTP][0m [37m-->[39m [37mGET[39m [37m/wd/hub/session/b358a84e-5412-4ebe-9579-d9422d9c52c6/element/00000000-0000-0191-ffff-ffff00000060/location[39m
[38;5;0m[HTTP][0m {}
[38;5;48m[AndroidUiautomator2Driver@ed34 (b358a84e)][0m Driver proxy active, passing request on via HTTP proxy
[38;5;48m[AndroidUiautomator2Driver@ed34 (b358a84e)][0m Replacing sessionId 4d1069d9-4f83-42ab-adb5-902d561b903b with b358a84e-5412-4ebe-9579-d9422d9c52c6
[38;5;0m[HTTP][0m <-- GET /wd/hub/session/b358a84e-5412-4ebe-9579-d9422d9c52c6/element/00000000-0000-0191-ffff-ffff00000060/location 200 15 ms - 80
[38;5;0m[HTTP][0m 
[38;5;0m[HTTP][0m [37m-->[39m [37mPOST[39m [37m/wd/hub/session/b358a84e-5412-4ebe-9579-d9422d9c52c6/timeouts[39m
[38;5;0m[HTTP][0m {"implicit":30000}
[38;5;0m[HTTP][0m <-- POST /wd/hub/session/b358a84e-5412-4ebe-9579-d9422d9c52c6/timeouts 200 2 ms - 14
[38;5;0m[HTTP][0m 
[38;5;0m[HTTP][0m [37m-->[39m [37mPOST[39m [37m/wd/hub/session/b358a84e-5412-4ebe-9579-d9422d9c52c6/element/00000000-0000-0191-ffff-ffff00000060/click[39m
[38;5;0m[HTTP][0m {"id":"00000000-0000-0191-ffff-ffff00000060"}
[38;5;0m[HTTP][0m <-- POST /wd/hub/session/b358a84e-5412-4ebe-9579-d9422d9c52c6/element/00000000-0000-0191-ffff-ffff00000060/click 200 562 ms - 14
[38;5;0m[HTTP][0m 
[38;5;0m[HTTP][0m [37m-->[39m [37mPOST[39m [37m/wd/hub/session/b358a84e-5412-4ebe-9579-d9422d9c52c6/timeouts[39m
[38;5;0m[HTTP][0m {"implicit":50}
[38;5;0m[HTTP][0m <-- POST /wd/hub/session/b358a84e-5412-4ebe-9579-d9422d9c52c6/timeouts 200 1 ms - 14
[38;5;0m[HTTP][0m 
[38;5;0m[HTTP][0m [37m-->[39m [37mGET[39m [37m/wd/hub/session/b358a84e-5412-4ebe-9579-d9422d9c52c6/window/rect[39m
[38;5;0m[HTTP][0m {}
[38;5;0m[HTTP][0m <-- GET /wd/hub/session/b358a84e-5412-4ebe-9579-d9422d9c52c6/window/rect 200 14 ms - 50
[38;5;0m[HTTP][0m 
[38;5;0m[HTTP][0m [37m-->[39m [37mPOST[39m [37m/wd/hub/session/b358a84e-5412-4ebe-9579-d9422d9c52c6/elements[39m
[38;5;0m[HTTP][0m {"using":"xpath","value":"//*[@class = 'android.widget.ImageButton' and @resource-id = 'com.google.android.calculator:id/digit_1' and (@text = '' or . = '')]"}
[38;5;0m[HTTP][0m <-- POST /wd/hub/session/b358a84e-5412-4ebe-9579-d9422d9c52c6/elements 200 70 ms - 139
[38;5;0m[HTTP][0m 
[38;5;0m[HTTP][0m [37m-->[39m [37mGET[39m [37m/wd/hub/session/b358a84e-5412-4ebe-9579-d9422d9c52c6/element/00000000-0000-0191-ffff-ffff00000061/location[39m
[38;5;0m[HTTP][0m {}
[38;5;48m[AndroidUiautomator2Driver@ed34 (b358a84e)][0m Driver proxy active, passing request on via HTTP proxy
[38;5;48m[AndroidUiautomator2Driver@ed34 (b358a84e)][0m Replacing sessionId 4d1069d9-4f83-42ab-adb5-902d561b903b with b358a84e-5412-4ebe-9579-d9422d9c52c6
[38;5;0m[HTTP][0m <-- GET /wd/hub/session/b358a84e-5412-4ebe-9579-d9422d9c52c6/element/00000000-0000-0191-ffff-ffff00000061/location 200 7 ms - 78
[38;5;0m[HTTP][0m 
[38;5;0m[HTTP][0m [37m-->[39m [37mPOST[39m [37m/wd/hub/session/b358a84e-5412-4ebe-9579-d9422d9c52c6/timeouts[39m
[38;5;0m[HTTP][0m {"implicit":30000}
[38;5;0m[HTTP][0m <-- POST /wd/hub/session/b358a84e-5412-4ebe-9579-d9422d9c52c6/timeouts 200 0 ms - 14
[38;5;0m[HTTP][0m 
[38;5;0m[HTTP][0m [37m-->[39m [37mPOST[39m [37m/wd/hub/session/b358a84e-5412-4ebe-9579-d9422d9c52c6/element/00000000-0000-0191-ffff-ffff00000061/click[39m
[38;5;0m[HTTP][0m {"id":"00000000-0000-0191-ffff-ffff00000061"}
[38;5;0m[HTTP][0m <-- POST /wd/hub/session/b358a84e-5412-4ebe-9579-d9422d9c52c6/element/00000000-0000-0191-ffff-ffff00000061/click 200 555 ms - 14
[38;5;0m[HTTP][0m 
[38;5;0m[HTTP][0m [37m-->[39m [37mPOST[39m [37m/wd/hub/session/b358a84e-5412-4ebe-9579-d9422d9c52c6/timeouts[39m
[38;5;0m[HTTP][0m {"implicit":50}
[38;5;0m[HTTP][0m <-- POST /wd/hub/session/b358a84e-5412-4ebe-9579-d9422d9c52c6/timeouts 200 1 ms - 14
[38;5;0m[HTTP][0m 
[38;5;0m[HTTP][0m [37m-->[39m [37mGET[39m [37m/wd/hub/session/b358a84e-5412-4ebe-9579-d9422d9c52c6/window/rect[39m
[38;5;0m[HTTP][0m {}
[38;5;0m[HTTP][0m <-- GET /wd/hub/session/b358a84e-5412-4ebe-9579-d9422d9c52c6/window/rect 200 8 ms - 50
[38;5;0m[HTTP][0m 
[38;5;0m[HTTP][0m [37m-->[39m [37mPOST[39m [37m/wd/hub/session/b358a84e-5412-4ebe-9579-d9422d9c52c6/elements[39m
[38;5;0m[HTTP][0m {"using":"xpath","value":"//*[@class = 'android.widget.ImageButton' and @resource-id = 'com.google.android.calculator:id/op_mul' and (@text = '' or . = '')]"}
[38;5;0m[HTTP][0m <-- POST /wd/hub/session/b358a84e-5412-4ebe-9579-d9422d9c52c6/elements 200 35 ms - 139
[38;5;0m[HTTP][0m 
[38;5;0m[HTTP][0m [37m-->[39m [37mGET[39m [37m/wd/hub/session/b358a84e-5412-4ebe-9579-d9422d9c52c6/element/00000000-0000-0191-ffff-ffff0000005c/location[39m
[38;5;0m[HTTP][0m {}
[38;5;48m[AndroidUiautomator2Driver@ed34 (b358a84e)][0m Driver proxy active, passing request on via HTTP proxy
[38;5;48m[AndroidUiautomator2Driver@ed34 (b358a84e)][0m Replacing sessionId 4d1069d9-4f83-42ab-adb5-902d561b903b with b358a84e-5412-4ebe-9579-d9422d9c52c6
[38;5;0m[HTTP][0m <-- GET /wd/hub/session/b358a84e-5412-4ebe-9579-d9422d9c52c6/element/00000000-0000-0191-ffff-ffff0000005c/location 200 10 ms - 80
[38;5;0m[HTTP][0m 
[38;5;0m[HTTP][0m [37m-->[39m [37mPOST[39m [37m/wd/hub/session/b358a84e-5412-4ebe-9579-d9422d9c52c6/timeouts[39m
[38;5;0m[HTTP][0m {"implicit":30000}
[38;5;0m[HTTP][0m <-- POST /wd/hub/session/b358a84e-5412-4ebe-9579-d9422d9c52c6/timeouts 200 0 ms - 14
[38;5;0m[HTTP][0m 
[38;5;0m[HTTP][0m [37m-->[39m [37mPOST[39m [37m/wd/hub/session/b358a84e-5412-4ebe-9579-d9422d9c52c6/element/00000000-0000-0191-ffff-ffff0000005c/click[39m
[38;5;0m[HTTP][0m {"id":"00000000-0000-0191-ffff-ffff0000005c"}
[38;5;0m[HTTP][0m <-- POST /wd/hub/session/b358a84e-5412-4ebe-9579-d9422d9c52c6/element/00000000-0000-0191-ffff-ffff0000005c/click 200 664 ms - 14
[38;5;0m[HTTP][0m 
[38;5;0m[HTTP][0m [37m-->[39m [37mPOST[39m [37m/wd/hub/session/b358a84e-5412-4ebe-9579-d9422d9c52c6/timeouts[39m
[38;5;0m[HTTP][0m {"implicit":50}
[38;5;0m[HTTP][0m <-- POST /wd/hub/session/b358a84e-5412-4ebe-9579-d9422d9c52c6/timeouts 200 1 ms - 14
[38;5;0m[HTTP][0m 
[38;5;0m[HTTP][0m [37m-->[39m [37mGET[39m [37m/wd/hub/session/b358a84e-5412-4ebe-9579-d9422d9c52c6/window/rect[39m
[38;5;0m[HTTP][0m {}
[38;5;0m[HTTP][0m <-- GET /wd/hub/session/b358a84e-5412-4ebe-9579-d9422d9c52c6/window/rect 200 10 ms - 50
[38;5;0m[HTTP][0m 
[38;5;0m[HTTP][0m [37m-->[39m [37mPOST[39m [37m/wd/hub/session/b358a84e-5412-4ebe-9579-d9422d9c52c6/elements[39m
[38;5;0m[HTTP][0m {"using":"xpath","value":"//*[@class = 'android.widget.ImageButton' and @resource-id = 'com.google.android.calculator:id/digit_9' and (@text = '' or . = '')]"}
[38;5;0m[HTTP][0m <-- POST /wd/hub/session/b358a84e-5412-4ebe-9579-d9422d9c52c6/elements 200 45 ms - 139
[38;5;0m[HTTP][0m 
[38;5;0m[HTTP][0m [37m-->[39m [37mGET[39m [37m/wd/hub/session/b358a84e-5412-4ebe-9579-d9422d9c52c6/element/00000000-0000-0191-ffff-ffff0000005b/location[39m
[38;5;0m[HTTP][0m {}
[38;5;48m[AndroidUiautomator2Driver@ed34 (b358a84e)][0m Driver proxy active, passing request on via HTTP proxy
[38;5;48m[AndroidUiautomator2Driver@ed34 (b358a84e)][0m Replacing sessionId 4d1069d9-4f83-42ab-adb5-902d561b903b with b358a84e-5412-4ebe-9579-d9422d9c52c6
[38;5;0m[HTTP][0m <-- GET /wd/hub/session/b358a84e-5412-4ebe-9579-d9422d9c52c6/element/00000000-0000-0191-ffff-ffff0000005b/location 200 6 ms - 79
[38;5;0m[HTTP][0m 
[38;5;0m[HTTP][0m [37m-->[39m [37mPOST[39m [37m/wd/hub/session/b358a84e-5412-4ebe-9579-d9422d9c52c6/timeouts[39m
[38;5;0m[HTTP][0m {"implicit":30000}
[38;5;0m[HTTP][0m <-- POST /wd/hub/session/b358a84e-5412-4ebe-9579-d9422d9c52c6/timeouts 200 1 ms - 14
[38;5;0m[HTTP][0m 
[38;5;0m[HTTP][0m [37m-->[39m [37mPOST[39m [37m/wd/hub/session/b358a84e-5412-4ebe-9579-d9422d9c52c6/element/00000000-0000-0191-ffff-ffff0000005b/click[39m
[38;5;0m[HTTP][0m {"id":"00000000-0000-0191-ffff-ffff0000005b"}
[38;5;0m[HTTP][0m <-- POST /wd/hub/session/b358a84e-5412-4ebe-9579-d9422d9c52c6/element/00000000-0000-0191-ffff-ffff0000005b/click 200 638 ms - 14
[38;5;0m[HTTP][0m 
[38;5;0m[HTTP][0m [37m-->[39m [37mPOST[39m [37m/wd/hub/session/b358a84e-5412-4ebe-9579-d9422d9c52c6/timeouts[39m
[38;5;0m[HTTP][0m {"implicit":50}
[38;5;0m[HTTP][0m <-- POST /wd/hub/session/b358a84e-5412-4ebe-9579-d9422d9c52c6/timeouts 200 1 ms - 14
[38;5;0m[HTTP][0m 
[38;5;0m[HTTP][0m [37m-->[39m [37mGET[39m [37m/wd/hub/session/b358a84e-5412-4ebe-9579-d9422d9c52c6/window/rect[39m
[38;5;0m[HTTP][0m {}
[38;5;0m[HTTP][0m <-- GET /wd/hub/session/b358a84e-5412-4ebe-9579-d9422d9c52c6/window/rect 200 7 ms - 50
[38;5;0m[HTTP][0m 
[38;5;0m[HTTP][0m [37m-->[39m [37mPOST[39m [37m/wd/hub/session/b358a84e-5412-4ebe-9579-d9422d9c52c6/elements[39m
[38;5;0m[HTTP][0m {"using":"xpath","value":"//*[@class = 'android.widget.ImageButton' and @resource-id = 'com.google.android.calculator:id/op_div' and (@text = '' or . = '')]"}
[38;5;0m[HTTP][0m <-- POST /wd/hub/session/b358a84e-5412-4ebe-9579-d9422d9c52c6/elements 200 52 ms - 139
[38;5;0m[HTTP][0m 
[38;5;0m[HTTP][0m [37m-->[39m [37mGET[39m [37m/wd/hub/session/b358a84e-5412-4ebe-9579-d9422d9c52c6/element/00000000-0000-0191-ffff-ffff00000058/location[39m
[38;5;0m[HTTP][0m {}
[38;5;48m[AndroidUiautomator2Driver@ed34 (b358a84e)][0m Driver proxy active, passing request on via HTTP proxy
[38;5;48m[AndroidUiautomator2Driver@ed34 (b358a84e)][0m Replacing sessionId 4d1069d9-4f83-42ab-adb5-902d561b903b with b358a84e-5412-4ebe-9579-d9422d9c52c6
[38;5;0m[HTTP][0m <-- GET /wd/hub/session/b358a84e-5412-4ebe-9579-d9422d9c52c6/element/00000000-0000-0191-ffff-ffff00000058/location 200 30 ms - 80
[38;5;0m[HTTP][0m 
[38;5;0m[HTTP][0m [37m-->[39m [37mPOST[39m [37m/wd/hub/session/b358a84e-5412-4ebe-9579-d9422d9c52c6/timeouts[39m
[38;5;0m[HTTP][0m {"implicit":30000}
[38;5;0m[HTTP][0m <-- POST /wd/hub/session/b358a84e-5412-4ebe-9579-d9422d9c52c6/timeouts 200 1 ms - 14
[38;5;0m[HTTP][0m 
[38;5;0m[HTTP][0m [37m-->[39m [37mPOST[39m [37m/wd/hub/session/b358a84e-5412-4ebe-9579-d9422d9c52c6/element/00000000-0000-0191-ffff-ffff00000058/click[39m
[38;5;0m[HTTP][0m {"id":"00000000-0000-0191-ffff-ffff00000058"}
[38;5;0m[HTTP][0m <-- POST /wd/hub/session/b358a84e-5412-4ebe-9579-d9422d9c52c6/element/00000000-0000-0191-ffff-ffff00000058/click 200 556 ms - 14
[38;5;0m[HTTP][0m 
[38;5;0m[HTTP][0m [37m-->[39m [37mPOST[39m [37m/wd/hub/session/b358a84e-5412-4ebe-9579-d9422d9c52c6/timeouts[39m
[38;5;0m[HTTP][0m {"implicit":50}
[38;5;0m[HTTP][0m <-- POST /wd/hub/session/b358a84e-5412-4ebe-9579-d9422d9c52c6/timeouts 200 3 ms - 14
[38;5;0m[HTTP][0m 
[38;5;0m[HTTP][0m [37m-->[39m [37mGET[39m [37m/wd/hub/session/b358a84e-5412-4ebe-9579-d9422d9c52c6/window/rect[39m
[38;5;0m[HTTP][0m {}
[38;5;0m[HTTP][0m <-- GET /wd/hub/session/b358a84e-5412-4ebe-9579-d9422d9c52c6/window/rect 200 8 ms - 50
[38;5;0m[HTTP][0m 
[38;5;0m[HTTP][0m [37m-->[39m [37mPOST[39m [37m/wd/hub/session/b358a84e-5412-4ebe-9579-d9422d9c52c6/elements[39m
[38;5;0m[HTTP][0m {"using":"xpath","value":"//*[@class = 'android.widget.ImageButton' and @resource-id = 'com.google.android.calculator:id/digit_2' and (@text = '' or . = '')]"}
[38;5;0m[HTTP][0m <-- POST /wd/hub/session/b358a84e-5412-4ebe-9579-d9422d9c52c6/elements 200 60 ms - 139
[38;5;0m[HTTP][0m 
[38;5;0m[HTTP][0m [37m-->[39m [37mGET[39m [37m/wd/hub/session/b358a84e-5412-4ebe-9579-d9422d9c52c6/element/00000000-0000-0191-ffff-ffff00000062/location[39m
[38;5;0m[HTTP][0m {}
[38;5;48m[AndroidUiautomator2Driver@ed34 (b358a84e)][0m Driver proxy active, passing request on via HTTP proxy
[38;5;48m[AndroidUiautomator2Driver@ed34 (b358a84e)][0m Replacing sessionId 4d1069d9-4f83-42ab-adb5-902d561b903b with b358a84e-5412-4ebe-9579-d9422d9c52c6
[38;5;0m[HTTP][0m <-- GET /wd/hub/session/b358a84e-5412-4ebe-9579-d9422d9c52c6/element/00000000-0000-0191-ffff-ffff00000062/location 200 9 ms - 79
[38;5;0m[HTTP][0m 
[38;5;0m[HTTP][0m [37m-->[39m [37mPOST[39m [37m/wd/hub/session/b358a84e-5412-4ebe-9579-d9422d9c52c6/timeouts[39m
[38;5;0m[HTTP][0m {"implicit":30000}
[38;5;0m[HTTP][0m <-- POST /wd/hub/session/b358a84e-5412-4ebe-9579-d9422d9c52c6/timeouts 200 0 ms - 14
[38;5;0m[HTTP][0m 
[38;5;0m[HTTP][0m [37m-->[39m [37mPOST[39m [37m/wd/hub/session/b358a84e-5412-4ebe-9579-d9422d9c52c6/element/00000000-0000-0191-ffff-ffff00000062/click[39m
[38;5;0m[HTTP][0m {"id":"00000000-0000-0191-ffff-ffff00000062"}
[38;5;0m[HTTP][0m <-- POST /wd/hub/session/b358a84e-5412-4ebe-9579-d9422d9c52c6/element/00000000-0000-0191-ffff-ffff00000062/click 200 572 ms - 14
[38;5;0m[HTTP][0m 
[38;5;0m[HTTP][0m [37m-->[39m [37mPOST[39m [37m/wd/hub/session/b358a84e-5412-4ebe-9579-d9422d9c52c6/timeouts[39m
[38;5;0m[HTTP][0m {"implicit":50}
[38;5;0m[HTTP][0m <-- POST /wd/hub/session/b358a84e-5412-4ebe-9579-d9422d9c52c6/timeouts 200 1 ms - 14
[38;5;0m[HTTP][0m 
[38;5;0m[HTTP][0m [37m-->[39m [37mGET[39m [37m/wd/hub/session/b358a84e-5412-4ebe-9579-d9422d9c52c6/window/rect[39m
[38;5;0m[HTTP][0m {}
[38;5;0m[HTTP][0m <-- GET /wd/hub/session/b358a84e-5412-4ebe-9579-d9422d9c52c6/window/rect 200 12 ms - 50
[38;5;0m[HTTP][0m 
[38;5;0m[HTTP][0m [37m-->[39m [37mPOST[39m [37m/wd/hub/session/b358a84e-5412-4ebe-9579-d9422d9c52c6/elements[39m
[38;5;0m[HTTP][0m {"using":"xpath","value":"//*[@class = 'android.widget.ImageButton' and @resource-id = 'com.google.android.calculator:id/eq' and (@text = '' or . = '')]"}
[38;5;0m[HTTP][0m <-- POST /wd/hub/session/b358a84e-5412-4ebe-9579-d9422d9c52c6/elements 200 66 ms - 139
[38;5;0m[HTTP][0m 
[38;5;0m[HTTP][0m [37m-->[39m [37mGET[39m [37m/wd/hub/session/b358a84e-5412-4ebe-9579-d9422d9c52c6/element/00000000-0000-0191-ffff-ffff00000068/location[39m
[38;5;0m[HTTP][0m {}
[38;5;48m[AndroidUiautomator2Driver@ed34 (b358a84e)][0m Driver proxy active, passing request on via HTTP proxy
[38;5;48m[AndroidUiautomator2Driver@ed34 (b358a84e)][0m Replacing sessionId 4d1069d9-4f83-42ab-adb5-902d561b903b with b358a84e-5412-4ebe-9579-d9422d9c52c6
[38;5;0m[HTTP][0m <-- GET /wd/hub/session/b358a84e-5412-4ebe-9579-d9422d9c52c6/element/00000000-0000-0191-ffff-ffff00000068/location 200 9 ms - 80
[38;5;0m[HTTP][0m 
[38;5;0m[HTTP][0m [37m-->[39m [37mPOST[39m [37m/wd/hub/session/b358a84e-5412-4ebe-9579-d9422d9c52c6/timeouts[39m
[38;5;0m[HTTP][0m {"implicit":30000}
[38;5;0m[HTTP][0m <-- POST /wd/hub/session/b358a84e-5412-4ebe-9579-d9422d9c52c6/timeouts 200 0 ms - 14
[38;5;0m[HTTP][0m 
[38;5;0m[HTTP][0m [37m-->[39m [37mPOST[39m [37m/wd/hub/session/b358a84e-5412-4ebe-9579-d9422d9c52c6/element/00000000-0000-0191-ffff-ffff00000068/click[39m
[38;5;0m[HTTP][0m {"id":"00000000-0000-0191-ffff-ffff00000068"}
[38;5;0m[HTTP][0m <-- POST /wd/hub/session/b358a84e-5412-4ebe-9579-d9422d9c52c6/element/00000000-0000-0191-ffff-ffff00000068/click 200 749 ms - 14
[38;5;0m[HTTP][0m 
[38;5;0m[HTTP][0m [37m-->[39m [37mGET[39m [37m/wd/hub/session/b358a84e-5412-4ebe-9579-d9422d9c52c6/context[39m
[38;5;0m[HTTP][0m {}
[38;5;0m[HTTP][0m <-- GET /wd/hub/session/b358a84e-5412-4ebe-9579-d9422d9c52c6/context 200 1 ms - 22
[38;5;0m[HTTP][0m 
[38;5;0m[HTTP][0m [37m-->[39m [37mGET[39m [37m/wd/hub/session/b358a84e-5412-4ebe-9579-d9422d9c52c6/contexts[39m
[38;5;0m[HTTP][0m {}
[38;5;0m[HTTP][0m <-- GET /wd/hub/session/b358a84e-5412-4ebe-9579-d9422d9c52c6/contexts 200 307 ms - 24
[38;5;0m[HTTP][0m 
[38;5;0m[HTTP][0m [37m-->[39m [37mPOST[39m [37m/wd/hub/session/b358a84e-5412-4ebe-9579-d9422d9c52c6/context[39m
[38;5;0m[HTTP][0m {"name":"NATIVE_APP"}
[38;5;0m[HTTP][0m <-- POST /wd/hub/session/b358a84e-5412-4ebe-9579-d9422d9c52c6/context 200 1 ms - 14
[38;5;0m[HTTP][0m 
[38;5;0m[HTTP][0m [37m-->[39m [37mGET[39m [37m/wd/hub/session/b358a84e-5412-4ebe-9579-d9422d9c52c6/appium/device/current_package[39m
[38;5;0m[HTTP][0m {}
[38;5;0m[HTTP][0m <-- GET /wd/hub/session/b358a84e-5412-4ebe-9579-d9422d9c52c6/appium/device/current_package 200 73 ms - 41
[38;5;0m[HTTP][0m 
[38;5;0m[HTTP][0m [37m-->[39m [37mPOST[39m [37m/wd/hub/session/b358a84e-5412-4ebe-9579-d9422d9c52c6/appium/device/terminate_app[39m
[38;5;0m[HTTP][0m {"bundleId":"com.google.android.calculator"}
[38;5;48m[AndroidUiautomator2Driver@ed34 (b358a84e)][0m Terminating 'com.google.android.calculator'
[38;5;48m[AndroidUiautomator2Driver@ed34 (b358a84e)][0m Querying the state of 'com.google.android.calculator'
[38;5;48m[AndroidUiautomator2Driver@ed34 (b358a84e)][0m 'com.google.android.calculator' has been successfully terminated
[38;5;0m[HTTP][0m <-- POST /wd/hub/session/b358a84e-5412-4ebe-9579-d9422d9c52c6/appium/device/terminate_app 200 634 ms - 14
[38;5;0m[HTTP][0m 
[38;5;0m[HTTP][0m [37m-->[39m [37mPOST[39m [37m/wd/hub/session/b358a84e-5412-4ebe-9579-d9422d9c52c6/context[39m
[38;5;0m[HTTP][0m {"name":"NATIVE_APP"}
[38;5;0m[HTTP][0m <-- POST /wd/hub/session/b358a84e-5412-4ebe-9579-d9422d9c52c6/context 200 1 ms - 14
[38;5;0m[HTTP][0m 
[38;5;0m[HTTP][0m [37m-->[39m [37mDELETE[39m [37m/wd/hub/session/b358a84e-5412-4ebe-9579-d9422d9c52c6[39m
[38;5;0m[HTTP][0m {}
[38;5;16m[AppiumDriver@d339][0m Removing session b358a84e-5412-4ebe-9579-d9422d9c52c6 from our master session list
[38;5;64m[ADB][0m com.google.android.calculator was successfully uninstalled
[38;5;48m[AndroidUiautomator2Driver@ed34 (b358a84e)][0m Restoring hidden api policy to the device default configuration
[38;5;0m[HTTP][0m <-- DELETE /wd/hub/session/b358a84e-5412-4ebe-9579-d9422d9c52c6 200 905 ms - 14
[38;5;0m[HTTP][0m 
[Appium] Received SIGTERM - shutting down
[38;5;0m[HTTP][0m Waiting until the server is closed
[38;5;0m[HTTP][0m Received server close event
